  main.cpp
  application.cpp
D:\Developer\ecs_game\ecs_game\src\application.cpp(20,38): warning C4305: 'argument': truncation from 'double' to 'GLclampf'
D:\Developer\ecs_game\ecs_game\src\application.cpp(68,39): warning C4305: 'argument': truncation from 'double' to 'GLclampf'
  Mesh.cpp
D:\Developer\ecs_game\ecs_game\src\graphics\Mesh.cpp(57,50): warning C4267: 'argument': conversion from 'size_t' to 'GLsizei', possible loss of data
  input.cpp
D:\Developer\ecs_game\ecs_game\src\input.cpp(17,28): warning C4244: 'initializing': conversion from 'double' to 'float', possible loss of data
D:\Developer\ecs_game\ecs_game\src\input.cpp(27,27): warning C4244: 'initializing': conversion from 'double' to 'float', possible loss of data
D:\Developer\ecs_game\ecs_game\src\input.cpp(50,21): warning C4244: '=': conversion from 'double' to 'float', possible loss of data
D:\Developer\ecs_game\ecs_game\src\input.cpp(51,21): warning C4244: '=': conversion from 'double' to 'float', possible loss of data
D:\Developer\ecs_game\ecs_game\src\input.cpp(55,23): warning C4244: 'initializing': conversion from 'double' to 'float', possible loss of data
D:\Developer\ecs_game\ecs_game\src\input.cpp(56,23): warning C4244: 'initializing': conversion from 'double' to 'float', possible loss of data
D:\Developer\ecs_game\ecs_game\src\input.cpp(57,17): warning C4244: '=': conversion from 'double' to 'float', possible loss of data
D:\Developer\ecs_game\ecs_game\src\input.cpp(58,17): warning C4244: '=': conversion from 'double' to 'float', possible loss of data
D:\Developer\ecs_game\ecs_game\src\input.cpp(83,20): warning C4244: '-=': conversion from 'double' to 'float', possible loss of data
  Generating Code...
glew32s.lib(glew.obj) : warning LNK4099: PDB 'vc120.pdb' was not found with 'glew32s.lib(glew.obj)' or at 'D:\Developer\ecs_game\x64\Debug\vc120.pdb'; linking object as if no debug info
LINK : warning LNK4098: defaultlib 'MSVCRT' conflicts with use of other libs; use /NODEFAULTLIB:library
LINK : warning LNK4098: defaultlib 'LIBCMT' conflicts with use of other libs; use /NODEFAULTLIB:library
  ecs_game.vcxproj -> D:\Developer\ecs_game\x64\Debug\ecs_game.exe
