C:\Program Files\Microsoft Visual Studio\2022\Community\MSBuild\Microsoft\VC\v170\Microsoft.CppBuild.targets(510,5): warning MSB8028: The intermediate directory (x64\Debug\) contains files shared from another project (ecs_game.vcxproj).  This can lead to incorrect clean and rebuild behavior.
  main.cpp
  application.cpp
D:\Developer\terravox\terravox\src\application.cpp(20,38): warning C4305: 'argument': truncation from 'double' to 'GLclampf'
D:\Developer\terravox\terravox\src\application.cpp(68,39): warning C4305: 'argument': truncation from 'double' to 'GLclampf'
  Mesh.cpp
D:\Developer\terravox\terravox\src\graphics\Mesh.cpp(57,50): warning C4267: 'argument': conversion from 'size_t' to 'GLsizei', possible loss of data
  gui.cpp
  input.cpp
D:\Developer\terravox\terravox\src\input.cpp(17,28): warning C4244: 'initializing': conversion from 'double' to 'float', possible loss of data
D:\Developer\terravox\terravox\src\input.cpp(27,27): warning C4244: 'initializing': conversion from 'double' to 'float', possible loss of data
D:\Developer\terravox\terravox\src\input.cpp(50,21): warning C4244: '=': conversion from 'double' to 'float', possible loss of data
D:\Developer\terravox\terravox\src\input.cpp(51,21): warning C4244: '=': conversion from 'double' to 'float', possible loss of data
D:\Developer\terravox\terravox\src\input.cpp(55,23): warning C4244: 'initializing': conversion from 'double' to 'float', possible loss of data
D:\Developer\terravox\terravox\src\input.cpp(56,23): warning C4244: 'initializing': conversion from 'double' to 'float', possible loss of data
D:\Developer\terravox\terravox\src\input.cpp(57,17): warning C4244: '=': conversion from 'double' to 'float', possible loss of data
D:\Developer\terravox\terravox\src\input.cpp(58,17): warning C4244: '=': conversion from 'double' to 'float', possible loss of data
D:\Developer\terravox\terravox\src\input.cpp(83,20): warning C4244: '-=': conversion from 'double' to 'float', possible loss of data
  window.cpp
  Texture.cpp
  imgui.cpp
  imgui_demo.cpp
  imgui_draw.cpp
  imgui_impl_glfw.cpp
  imgui_impl_opengl3.cpp
  imgui_tables.cpp
  imgui_widgets.cpp
  Generating Code...
glew32s.lib(glew.obj) : warning LNK4099: PDB 'vc120.pdb' was not found with 'glew32s.lib(glew.obj)' or at 'D:\Developer\terravox\x64\Debug\vc120.pdb'; linking object as if no debug info
LINK : warning LNK4098: defaultlib 'MSVCRT' conflicts with use of other libs; use /NODEFAULTLIB:library
LINK : warning LNK4098: defaultlib 'LIBCMT' conflicts with use of other libs; use /NODEFAULTLIB:library
  terravox.vcxproj -> D:\Developer\terravox\x64\Debug\terravox.exe
